<?xml version="1.0" encoding="UTF-8"?>
<!-- Generated by org.testng.reporters.JUnitReportReporter -->
<testsuite hostname="iKishan" name="springmvc.model.dao.AccountingApplicationDaoTest" tests="1" failures="0" timestamp="12 Feb 2016 02:28:39 GMT" time="0.620" errors="0">
  <testcase name="getApplications" time="0.620" classname="springmvc.model.dao.AccountingApplicationDaoTest"/>
</testsuite> <!-- springmvc.model.dao.AccountingApplicationDaoTest -->
