<?xml version="1.0" encoding="UTF-8"?>
<!-- Generated by org.testng.reporters.JUnitReportReporter -->
<testsuite hostname="iKishan" name="springmvc.model.dao.DepartmentDaoTest" tests="1" failures="0" timestamp="15 Feb 2016 11:03:14 GMT" time="1.020" errors="0">
  <testcase name="getDepartments" time="1.020" classname="springmvc.model.dao.DepartmentDaoTest"/>
</testsuite> <!-- springmvc.model.dao.DepartmentDaoTest -->
