<?xml version="1.0" encoding="UTF-8"?>
<!-- Generated by org.testng.reporters.JUnitReportReporter -->
<testsuite hostname="iKishan" name="springmvc.model.dao.Student1DaoTest" tests="1" failures="0" timestamp="12 Feb 2016 02:28:24 GMT" time="1.078" errors="0">
  <testcase name="getApplication" time="1.078" classname="springmvc.model.dao.Student1DaoTest"/>
</testsuite> <!-- springmvc.model.dao.Student1DaoTest -->
